[02-10 10:04:53]jni调用开始了
[02-10 10:04:53]begining......
[02-10 10:04:53]error on tuxreadenv SVR1
[02-10 10:05:34]jni调用开始了
[02-10 10:05:34]begining......
[02-10 10:05:34]on tuxreadenv OK
[02-10 10:06:44]jni调用开始了
[02-10 10:06:44]begining......
[02-10 10:06:44]on tuxreadenv OK
[02-10 10:07:06]jni调用开始了
[02-10 10:07:06]begining......
[02-10 10:07:06]on tuxreadenv OK
[02-10 10:10:01]jni调用开始了
[02-10 10:10:01]begining......
[02-10 10:10:01]on tuxreadenv OK
[02-10 10:10:16]jni调用开始了
[02-10 10:10:16]begining......
[02-10 10:10:16]on tuxreadenv OK
[02-10 10:10:23]jni调用开始了
[02-10 10:10:23]begining......
[02-10 10:10:23]on tuxreadenv OK
[02-10 10:56:26]jni调用开始了
[02-10 10:56:26]begining......
[02-10 10:56:26]on tuxreadenv OK
[02-10 10:56:57]jni调用开始了
[02-10 10:56:57]begining......
[02-10 10:56:57]on tuxreadenv OK
[02-10 11:02:50]jni调用开始了
[02-10 11:02:50]begining......
[02-10 11:02:50]on tuxreadenv OK
[02-10 11:03:04]jni调用开始了
[02-10 11:03:04]begining......
[02-10 11:03:04]on tuxreadenv OK
[06-05 13:36:11]jni调用开始了
[06-05 13:36:11]begining......
[06-05 13:36:11]on tuxreadenv OK
[06-05 13:36:32]jni调用开始了
[06-05 13:36:32]begining......
[06-05 13:36:32]on tuxreadenv OK
[06-05 13:38:22]jni调用开始了
[06-05 13:38:22]begining......
[06-05 13:38:22]on tuxreadenv OK
[06-05 13:39:16]jni调用开始了
[06-05 13:39:16]begining......
[06-05 13:39:16]on tuxreadenv OK
[06-05 13:39:24]jni调用开始了
[06-05 13:39:24]begining......
[06-05 13:39:24]on tuxreadenv OK
[06-25 13:17:49]jni调用开始了
[06-25 13:17:49]begining......
[06-25 13:17:49]on tuxreadenv OK
[06-25 13:21:10]jni调用开始了
[06-25 13:21:10]begining......
[06-25 13:21:10]on tuxreadenv OK
[06-25 13:21:30]jni调用开始了
[06-25 13:21:30]begining......
[06-25 13:21:30]on tuxreadenv OK
[06-25 13:23:05]jni调用开始了
[06-25 13:23:05]begining......
[06-25 13:23:05]on tuxreadenv OK
[06-25 13:28:56]jni调用开始了
[06-25 13:28:56]begining......
[06-25 13:28:56]on tuxreadenv OK
[06-25 13:29:08]jni调用开始了
[06-25 13:29:08]begining......
[06-25 13:29:08]on tuxreadenv OK
[06-25 14:56:58]jni调用开始了
[06-25 14:56:58]begining......
[06-25 14:56:58]on tuxreadenv OK
[06-25 14:57:16]jni调用开始了
[06-25 14:57:16]begining......
[06-25 14:57:16]on tuxreadenv OK
[06-25 15:35:13]jni调用开始了
[06-25 15:35:13]begining......
[06-25 15:35:13]on tuxreadenv OK
[06-25 15:35:30]jni调用开始了
[06-25 15:35:30]begining......
[06-25 15:35:30]on tuxreadenv OK
[06-26 10:17:53]jni调用开始了
[06-26 10:17:53]begining......
[06-26 10:17:53]on tuxreadenv OK
[06-26 10:18:08]jni调用开始了
[06-26 10:18:08]begining......
[06-26 10:18:08]on tuxreadenv OK
[06-26 10:20:43]jni调用开始了
[06-26 10:20:43]begining......
[06-26 10:20:43]on tuxreadenv OK
[06-26 13:23:16]jni调用开始了
[06-26 13:23:16]begining......
[06-26 13:23:16]on tuxreadenv OK
[06-26 13:28:08]jni调用开始了
[06-26 13:28:08]begining......
[06-26 13:28:08]on tuxreadenv OK
[06-26 13:28:19]jni调用开始了
[06-26 13:28:19]begining......
[06-26 13:28:19]on tuxreadenv OK
[06-26 13:29:11]jni调用开始了
[06-26 13:29:11]begining......
[06-26 13:29:11]on tuxreadenv OK
[06-26 13:30:16]jni调用开始了
[06-26 13:30:16]begining......
[06-26 13:30:16]on tuxreadenv OK
[06-26 13:30:30]jni调用开始了
[06-26 13:30:30]begining......
[06-26 13:30:30]on tuxreadenv OK
[06-26 13:31:28]jni调用开始了
[06-26 13:31:28]begining......
[06-26 13:31:28]on tuxreadenv OK
[06-26 13:32:33]jni调用开始了
[06-26 13:32:33]begining......
[06-26 13:32:33]on tuxreadenv OK
[06-26 13:32:46]jni调用开始了
[06-26 13:32:46]begining......
[06-26 13:32:46]on tuxreadenv OK
[06-26 13:33:23]jni调用开始了
[06-26 13:33:23]begining......
[06-26 13:33:23]on tuxreadenv OK
[06-26 13:33:29]jni调用开始了
[06-26 13:33:29]begining......
[06-26 13:33:29]on tuxreadenv OK
[06-26 13:33:50]jni调用开始了
[06-26 13:33:50]begining......
[06-26 13:33:50]on tuxreadenv OK
[06-26 13:34:04]jni调用开始了
[06-26 13:34:04]begining......
[06-26 13:34:04]on tuxreadenv OK
[06-26 13:34:10]jni调用开始了
[06-26 13:34:10]begining......
[06-26 13:34:10]on tuxreadenv OK
[06-26 13:35:43]jni调用开始了
[06-26 13:35:43]begining......
[06-26 13:35:43]on tuxreadenv OK
[06-26 13:38:14]jni调用开始了
[06-26 13:38:14]begining......
[06-26 13:38:14]on tuxreadenv OK
[06-26 13:41:05]jni调用开始了
[06-26 13:41:05]begining......
[06-26 13:41:05]on tuxreadenv OK
[06-26 15:43:18]jni调用开始了
[06-26 15:43:18]begining......
[06-26 15:43:18]on tuxreadenv OK
[06-26 15:43:31]jni调用开始了
[06-26 15:43:31]begining......
[06-26 15:43:31]on tuxreadenv OK
[06-26 15:50:55]jni调用开始了
[06-26 15:50:55]begining......
[06-26 15:50:55]on tuxreadenv OK
[06-26 15:51:52]jni调用开始了
[06-26 15:51:52]begining......
[06-26 15:51:52]on tuxreadenv OK
[06-26 15:53:07]jni调用开始了
[06-26 15:53:07]begining......
[06-26 15:53:07]on tuxreadenv OK
[06-26 15:54:39]jni调用开始了
[06-26 15:54:39]begining......
[06-26 15:54:39]on tuxreadenv OK
[07-01 14:07:27]jni调用开始了
[07-01 14:07:27]begining......
[07-01 14:07:27]on tuxreadenv OK
[07-01 14:07:54]jni调用开始了
[07-01 14:07:54]begining......
[07-01 14:07:54]on tuxreadenv OK
[07-01 14:12:22]jni调用开始了
[07-01 14:12:22]begining......
[07-01 14:12:22]on tuxreadenv OK
[07-01 14:30:08]jni调用开始了
[07-01 14:30:08]begining......
[07-01 14:30:08]on tuxreadenv OK
[07-01 14:30:08]Can't send request to service TOUPPER
[07-01 15:23:25]jni调用开始了
[07-01 15:23:25]begining......
[07-01 15:23:25]on tuxreadenv OK
[07-01 15:23:39]jni调用开始了
[07-01 15:23:39]begining......
[07-01 15:23:39]on tuxreadenv OK
[07-01 15:23:48]jni调用开始了
[07-01 15:23:48]begining......
[07-01 15:23:48]on tuxreadenv OK
[07-02 14:52:39]jni调用开始了
[07-02 14:52:39]begining......
[07-02 14:52:39]on tuxreadenv OK
[07-02 14:52:58]jni调用开始了
[07-02 14:52:58]begining......
[07-02 14:52:58]on tuxreadenv OK
[07-08 11:41:12]jni调用开始了
[07-08 11:41:12]begining......
[07-08 11:41:12]on tuxreadenv OK
[07-08 11:44:23]jni调用开始了
[07-08 11:44:23]begining......
[07-08 11:44:23]on tuxreadenv OK
[07-08 11:44:23]Can't send request to service TOUPPER
[07-08 11:44:46]jni调用开始了
[07-08 11:44:46]begining......
[07-08 11:44:46]on tuxreadenv OK
[07-08 11:44:46]Can't send request to service TOUPPER
[07-08 11:52:47]jni调用开始了
[07-08 11:52:47]begining......
[07-08 11:52:47]on tuxreadenv OK
[07-08 11:52:47]Can't send request to service TOUPPER
[07-08 13:35:49]jni调用开始了
[07-08 13:35:49]begining......
[07-08 13:35:49]on tuxreadenv OK
[07-08 13:35:49]Can't send request to service TOUPPER
[07-10 09:37:19]jni调用开始了
[07-10 09:37:19]begining......
[07-10 09:37:19]on tuxreadenv OK
[07-10 09:43:33]jni调用开始了
[07-10 09:43:33]begining......
[07-10 09:43:33]on tuxreadenv OK
[07-10 09:43:33]Can't send request to service TOUPPER
[07-10 09:44:00]jni调用开始了
[07-10 09:44:00]begining......
[07-10 09:44:00]on tuxreadenv OK
[07-10 09:44:00]Can't send request to service TOUPPER
[07-10 09:47:33]jni调用开始了
[07-10 09:47:33]begining......
[07-10 09:47:33]on tuxreadenv OK
[07-10 09:51:25]jni调用开始了
[07-10 09:51:25]begining......
[07-10 09:51:25]on tuxreadenv OK
[07-10 09:51:51]jni调用开始了
[07-10 09:51:51]begining......
[07-10 09:51:51]on tuxreadenv OK
[07-10 09:52:46]jni调用开始了
[07-10 09:52:46]begining......
[07-10 09:52:46]on tuxreadenv OK
[07-10 10:19:06]jni调用开始了
[07-10 10:19:06]begining......
[07-10 10:19:06]on tuxreadenv OK
[07-10 10:19:06]Can't send request to service TOUPPER
[07-10 10:19:25]jni调用开始了
[07-10 10:19:25]begining......
[07-10 10:19:25]on tuxreadenv OK
[07-10 10:19:33]jni调用开始了
[07-10 10:19:33]begining......
[07-10 10:19:33]on tuxreadenv OK
[07-10 10:19:52]jni调用开始了
[07-10 10:19:52]begining......
[07-10 10:19:52]on tuxreadenv OK
[07-10 10:21:13]jni调用开始了
[07-10 10:21:13]begining......
[07-10 10:21:13]on tuxreadenv OK
[07-10 10:21:37]jni调用开始了
[07-10 10:21:37]begining......
[07-10 10:21:37]on tuxreadenv OK
[07-10 10:21:37]Can't send request to service TOUPPER
[07-10 10:24:40]jni调用开始了
[07-10 10:24:40]begining......
[07-10 10:24:40]on tuxreadenv OK
[07-10 10:25:25]jni调用开始了
[07-10 10:25:25]begining......
[07-10 10:25:25]on tuxreadenv OK
[07-10 10:26:56]jni调用开始了
[07-10 10:26:56]begining......
[07-10 10:26:56]on tuxreadenv OK
[07-10 10:28:54]jni调用开始了
[07-10 10:28:54]begining......
[07-10 10:28:54]on tuxreadenv OK
[07-10 10:29:01]jni调用开始了
[07-10 10:29:01]begining......
[07-10 10:29:01]on tuxreadenv OK
[07-10 10:42:25]jni调用开始了
[07-10 10:42:25]begining......
[07-10 10:42:25]on tuxreadenv OK
[07-10 10:42:40]jni调用开始了
[07-10 10:42:40]begining......
[07-10 10:42:40]on tuxreadenv OK
[07-10 10:42:46]jni调用开始了
[07-10 10:42:46]begining......
[07-10 10:42:46]on tuxreadenv OK
[07-10 10:42:51]jni调用开始了
[07-10 10:42:51]begining......
[07-10 10:42:51]on tuxreadenv OK
[07-10 10:43:11]jni调用开始了
[07-10 10:43:11]begining......
[07-10 10:43:11]on tuxreadenv OK
[07-10 10:43:31]jni调用开始了
[07-10 10:43:31]begining......
[07-10 10:43:31]on tuxreadenv OK
[07-10 10:43:40]jni调用开始了
[07-10 10:43:40]begining......
[07-10 10:43:40]on tuxreadenv OK
[07-10 10:44:34]jni调用开始了
[07-10 10:44:34]begining......
[07-10 10:44:34]on tuxreadenv OK
[07-10 10:44:38]jni调用开始了
[07-10 10:44:38]begining......
[07-10 10:44:38]on tuxreadenv OK
[07-10 10:45:01]jni调用开始了
[07-10 10:45:01]begining......
[07-10 10:45:01]on tuxreadenv OK
[07-10 16:53:41]jni调用开始了
[07-10 16:53:41]begining......
[07-10 16:53:41]on tuxreadenv OK
[07-10 16:53:56]jni调用开始了
[07-10 16:53:56]begining......
[07-10 16:53:56]on tuxreadenv OK
[07-14 16:12:00]jni调用开始了
[07-14 16:12:00]begining......
[07-14 16:12:00]on tuxreadenv OK
[07-14 16:14:09]jni调用开始了
[07-14 16:14:09]begining......
[07-14 16:14:09]on tuxreadenv OK
[07-15 09:31:06]jni调用开始了
[07-15 09:31:06]begining......
[07-15 09:31:06]on tuxreadenv OK
[07-15 13:16:47]jni调用开始了
[07-15 13:16:47]begining......
[07-15 13:16:47]on tuxreadenv OK
[07-15 13:18:32]jni调用开始了
[07-15 13:18:32]begining......
[07-15 13:18:32]on tuxreadenv OK
[07-15 13:19:14]jni调用开始了
[07-15 13:19:14]begining......
[07-15 13:19:14]on tuxreadenv OK
[07-15 13:19:26]jni调用开始了
[07-15 13:19:26]begining......
[07-15 13:19:26]on tuxreadenv OK
[07-15 13:20:46]jni调用开始了
[07-15 13:20:46]begining......
[07-15 13:20:46]on tuxreadenv OK
[07-15 13:22:04]jni调用开始了
[07-15 13:22:04]begining......
[07-15 13:22:04]on tuxreadenv OK
[07-15 13:23:58]jni调用开始了
[07-15 13:23:58]begining......
[07-15 13:23:58]on tuxreadenv OK
[07-15 13:25:40]jni调用开始了
[07-15 13:25:40]begining......
[07-15 13:25:40]on tuxreadenv OK
[07-15 13:27:53]jni调用开始了
[07-15 13:27:53]begining......
[07-15 13:27:53]on tuxreadenv OK
[07-15 13:27:56]jni调用开始了
[07-15 13:27:56]begining......
[07-15 13:27:56]on tuxreadenv OK
[07-15 13:28:15]jni调用开始了
[07-15 13:28:15]begining......
[07-15 13:28:15]on tuxreadenv OK
[07-15 13:28:30]jni调用开始了
[07-15 13:28:30]begining......
[07-15 13:28:30]on tuxreadenv OK
[07-15 14:12:07]jni调用开始了
[07-15 14:12:07]begining......
[07-15 14:12:07]on tuxreadenv OK
[08-05 10:50:03]jni调用开始了
[08-05 10:50:03]begining......
[08-05 10:50:03]on tuxreadenv OK
[08-05 10:50:29]jni调用开始了
[08-05 10:50:29]begining......
[08-05 10:50:29]on tuxreadenv OK
[08-05 11:21:38]jni调用开始了
[08-05 11:21:38]begining......
[08-05 11:21:38]on tuxreadenv OK
[08-05 11:23:31]jni调用开始了
[08-05 11:23:31]begining......
[08-05 11:23:31]on tuxreadenv OK
[08-05 11:23:39]jni调用开始了
[08-05 11:23:39]begining......
[08-05 11:23:39]on tuxreadenv OK
[08-05 15:23:12]jni调用开始了
[08-05 15:23:12]begining......
[08-05 15:23:12]on tuxreadenv OK
[08-05 15:23:45]jni调用开始了
[08-05 15:23:45]begining......
[08-05 15:23:45]on tuxreadenv OK
[08-05 15:25:06]jni调用开始了
[08-05 15:25:06]begining......
[08-05 15:25:06]on tuxreadenv OK
[08-07 13:51:33]jni调用开始了
[08-07 13:51:33]begining......
[08-07 13:51:33]on tuxreadenv OK
[08-07 13:51:40]jni调用开始了
[08-07 13:51:40]begining......
[08-07 13:51:40]on tuxreadenv OK
[08-07 13:51:57]jni调用开始了
[08-07 13:51:57]begining......
[08-07 13:51:57]on tuxreadenv OK
[08-08 16:41:07]jni调用开始了
[08-08 16:41:07]begining......
[08-08 16:41:07]on tuxreadenv OK
[08-08 16:41:27]jni调用开始了
[08-08 16:41:27]begining......
[08-08 16:41:27]on tuxreadenv OK
[08-11 09:37:22]jni调用开始了
[08-11 09:37:23]begining......
[08-11 09:37:23]on tuxreadenv OK
[08-11 09:38:02]jni调用开始了
[08-11 09:38:02]begining......
[08-11 09:38:02]on tuxreadenv OK
[08-11 09:51:30]jni调用开始了
[08-11 09:51:30]begining......
[08-11 09:51:30]on tuxreadenv OK
[08-11 09:53:49]jni调用开始了
[08-11 09:53:49]begining......
[08-11 09:53:49]on tuxreadenv OK
[08-11 16:16:46]jni调用开始了
[08-11 16:16:46]begining......
[08-11 16:16:46]on tuxreadenv OK
[08-11 19:24:40]jni调用开始了
[08-11 19:24:40]begining......
[08-11 19:24:40]on tuxreadenv OK
[08-11 19:27:34]jni调用开始了
[08-11 19:27:34]begining......
[08-11 19:27:34]on tuxreadenv OK
[08-11 20:18:13]jni调用开始了
[08-11 20:18:13]begining......
[08-11 20:18:13]on tuxreadenv OK
[08-12 09:52:06]jni调用开始了
[08-12 09:52:06]begining......
[08-12 09:52:06]on tuxreadenv OK
[08-12 10:06:45]jni调用开始了
[08-12 10:06:45]begining......
[08-12 10:06:45]on tuxreadenv OK
[08-12 10:07:30]jni调用开始了
[08-12 10:07:30]begining......
[08-12 10:07:30]on tuxreadenv OK
[08-12 10:13:51]jni调用开始了
[08-12 10:13:51]begining......
[08-12 10:13:51]on tuxreadenv OK
[08-12 10:15:07]jni调用开始了
[08-12 10:15:07]begining......
[08-12 10:15:07]on tuxreadenv OK
[08-12 10:19:36]jni调用开始了
[08-12 10:19:36]begining......
[08-12 10:19:36]on tuxreadenv OK
[08-12 10:19:57]jni调用开始了
[08-12 10:19:57]begining......
[08-12 10:19:57]on tuxreadenv OK
[08-12 10:20:00]jni调用开始了
[08-12 10:20:00]begining......
[08-12 10:20:00]on tuxreadenv OK
[08-14 09:36:20]jni调用开始了
[08-14 09:36:20]begining......
[08-14 09:36:20]on tuxreadenv OK
[08-14 10:00:25]jni调用开始了
[08-14 10:00:25]begining......
[08-14 10:00:25]on tuxreadenv OK
[08-14 10:00:33]jni调用开始了
[08-14 10:00:33]begining......
[08-14 10:00:33]on tuxreadenv OK
[08-14 10:06:27]jni调用开始了
[08-14 10:06:27]begining......
[08-14 10:06:27]on tuxreadenv OK
[08-14 10:06:54]jni调用开始了
[08-14 10:06:54]begining......
[08-14 10:06:54]on tuxreadenv OK
[08-14 10:07:01]jni调用开始了
[08-14 10:07:01]begining......
[08-14 10:07:01]on tuxreadenv OK
[08-14 10:19:56]jni调用开始了
[08-14 10:19:56]begining......
[08-14 10:19:56]on tuxreadenv OK
[08-14 10:20:18]jni调用开始了
[08-14 10:20:18]begining......
[08-14 10:20:18]on tuxreadenv OK
[08-14 10:21:32]jni调用开始了
[08-14 10:21:32]begining......
[08-14 10:21:32]on tuxreadenv OK
[08-14 10:23:41]jni调用开始了
[08-14 10:23:41]begining......
[08-14 10:23:41]on tuxreadenv OK
[08-14 10:25:06]jni调用开始了
[08-14 10:25:06]begining......
[08-14 10:25:06]on tuxreadenv OK
[08-14 10:25:33]jni调用开始了
[08-14 10:25:33]begining......
[08-14 10:25:33]on tuxreadenv OK
[08-15 10:02:57]jni调用开始了
[08-15 10:02:57]begining......
[08-15 10:02:57]on tuxreadenv OK
[08-15 10:04:14]jni调用开始了
[08-15 10:04:14]begining......
[08-15 10:04:14]on tuxreadenv OK
[08-15 10:04:30]jni调用开始了
[08-15 10:04:30]begining......
[08-15 10:04:30]on tuxreadenv OK
[08-15 10:04:37]jni调用开始了
[08-15 10:04:37]begining......
[08-15 10:04:37]on tuxreadenv OK
[08-15 10:05:02]jni调用开始了
[08-15 10:05:02]begining......
[08-15 10:05:02]on tuxreadenv OK
[08-15 10:26:36]jni调用开始了
[08-15 10:26:36]begining......
[08-15 10:26:36]on tuxreadenv OK
[08-19 09:54:51]jni调用开始了
[08-19 09:54:51]begining......
[08-19 09:54:51]on tuxreadenv OK
[08-19 09:55:56]jni调用开始了
[08-19 09:55:56]begining......
[08-19 09:55:56]on tuxreadenv OK
[08-19 09:56:03]jni调用开始了
[08-19 09:56:03]begining......
[08-19 09:56:03]on tuxreadenv OK
[08-19 15:32:34]jni调用开始了
[08-19 15:32:34]begining......
[08-19 15:32:34]on tuxreadenv OK
[08-19 15:34:52]jni调用开始了
[08-19 15:34:52]begining......
[08-19 15:34:52]on tuxreadenv OK
[08-19 15:35:01]jni调用开始了
[08-19 15:35:01]begining......
[08-19 15:35:01]on tuxreadenv OK
[08-26 13:24:24]jni调用开始了
[08-26 13:24:24]begining......
[08-26 13:24:24]on tuxreadenv OK
[08-26 13:25:20]jni调用开始了
[08-26 13:25:20]begining......
[08-26 13:25:20]on tuxreadenv OK
[08-26 13:25:52]jni调用开始了
[08-26 13:25:52]begining......
[08-26 13:25:52]on tuxreadenv OK
[08-26 16:37:41]jni调用开始了
[08-26 16:37:41]begining......
[08-26 16:37:41]on tuxreadenv OK
[08-26 16:38:15]jni调用开始了
[08-26 16:38:15]begining......
[08-26 16:38:15]on tuxreadenv OK
[09-02 13:36:52]jni调用开始了
[09-02 13:36:52]begining......
[09-02 13:36:52]on tuxreadenv OK
[09-02 13:37:33]jni调用开始了
[09-02 13:37:33]begining......
[09-02 13:37:33]on tuxreadenv OK
[09-02 13:38:01]jni调用开始了
[09-02 13:38:01]begining......
[09-02 13:38:01]on tuxreadenv OK
[09-02 13:38:06]jni调用开始了
[09-02 13:38:06]begining......
[09-02 13:38:06]on tuxreadenv OK
[09-02 13:38:27]jni调用开始了
[09-02 13:38:27]begining......
[09-02 13:38:27]on tuxreadenv OK
[09-02 13:38:46]jni调用开始了
[09-02 13:38:46]begining......
[09-02 13:38:46]on tuxreadenv OK
[09-02 13:39:27]jni调用开始了
[09-02 13:39:27]begining......
[09-02 13:39:27]on tuxreadenv OK
[09-02 13:40:05]jni调用开始了
[09-02 13:40:05]begining......
[09-02 13:40:05]on tuxreadenv OK
[09-02 13:41:54]jni调用开始了
[09-02 13:41:54]begining......
[09-02 13:41:54]on tuxreadenv OK
[09-02 13:42:13]jni调用开始了
[09-02 13:42:13]begining......
[09-02 13:42:13]on tuxreadenv OK
[09-02 13:42:52]jni调用开始了
[09-02 13:42:52]begining......
[09-02 13:42:52]on tuxreadenv OK
[09-02 13:43:38]jni调用开始了
[09-02 13:43:38]begining......
[09-02 13:43:38]on tuxreadenv OK
[09-02 13:45:48]jni调用开始了
[09-02 13:45:48]begining......
[09-02 13:45:48]on tuxreadenv OK
[09-02 13:45:49]Tpinit failed
[09-02 13:45:49]tperrno=12 : NLS:4: Cannot open message catalog LIBWSC_CAT, set 1, num 1142; check TUXDIR=D:\Program Files\PMS\\bea\\tuxedo8.0, LANG=Chinese (Simplified)_People's Republic of China.936

[09-02 13:47:05]jni调用开始了
[09-02 13:47:05]begining......
[09-02 13:47:05]on tuxreadenv OK
[09-02 13:47:06]Tpinit failed
[09-02 13:47:06]tperrno=12 : NLS:4: Cannot open message catalog LIBWSC_CAT, set 1, num 1142; check TUXDIR=D:\Program Files\PMS\\bea\\tuxedo8.0, LANG=Chinese (Simplified)_People's Republic of China.936

[09-02 13:48:53]jni调用开始了
[09-02 13:48:53]begining......
[09-02 13:48:53]on tuxreadenv OK
[09-02 13:49:08]jni调用开始了
[09-02 13:49:08]begining......
[09-02 13:49:08]on tuxreadenv OK
[09-02 13:49:13]jni调用开始了
[09-02 13:49:13]begining......
[09-02 13:49:13]on tuxreadenv OK
[09-02 13:49:35]jni调用开始了
[09-02 13:49:35]begining......
[09-02 13:49:35]on tuxreadenv OK
[09-02 13:49:54]jni调用开始了
[09-02 13:49:54]begining......
[09-02 13:49:54]on tuxreadenv OK
[09-02 13:59:21]jni调用开始了
[09-02 13:59:21]begining......
[09-02 13:59:21]on tuxreadenv OK
[09-02 14:01:17]jni调用开始了
[09-02 14:01:17]begining......
[09-02 14:01:17]on tuxreadenv OK
[09-02 14:01:53]jni调用开始了
[09-02 14:01:53]begining......
[09-02 14:01:53]on tuxreadenv OK
[09-02 14:02:01]jni调用开始了
[09-02 14:02:01]begining......
[09-02 14:02:01]on tuxreadenv OK
[09-02 14:04:37]jni调用开始了
[09-02 14:04:37]begining......
[09-02 14:04:37]on tuxreadenv OK
[09-02 14:07:23]jni调用开始了
[09-02 14:07:23]begining......
[09-02 14:07:23]on tuxreadenv OK
[09-02 14:30:42]jni调用开始了
[09-02 14:30:42]begining......
[09-02 14:30:42]on tuxreadenv OK
[09-02 15:05:28]jni调用开始了
[09-02 15:05:28]begining......
[09-02 15:05:28]on tuxreadenv OK
[09-02 15:05:48]jni调用开始了
[09-02 15:05:48]begining......
[09-02 15:05:48]on tuxreadenv OK
[09-12 16:45:55]jni调用开始了
[09-12 16:45:55]begining......
[09-12 16:45:55]on tuxreadenv OK
[09-12 16:46:41]jni调用开始了
[09-12 16:46:41]begining......
[09-12 16:46:41]on tuxreadenv OK
[09-12 16:49:52]jni调用开始了
[09-12 16:49:52]begining......
[09-12 16:49:52]on tuxreadenv OK
[09-12 16:50:24]jni调用开始了
[09-12 16:50:24]begining......
[09-12 16:50:24]on tuxreadenv OK
[09-12 16:51:37]jni调用开始了
[09-12 16:51:37]begining......
[09-12 16:51:37]on tuxreadenv OK
[09-12 16:55:43]jni调用开始了
[09-12 16:55:43]begining......
[09-12 16:55:43]on tuxreadenv OK
[09-25 14:33:35]jni调用开始了
[09-25 14:33:35]begining......
[09-25 14:33:35]on tuxreadenv OK
[09-25 14:34:19]jni调用开始了
[09-25 14:34:19]begining......
[09-25 14:34:19]on tuxreadenv OK
[09-25 15:03:35]jni调用开始了
[09-25 15:03:35]begining......
[09-25 15:03:35]on tuxreadenv OK
[09-25 15:04:49]jni调用开始了
[09-25 15:04:49]begining......
[09-25 15:04:49]on tuxreadenv OK
[09-26 11:49:30]jni调用开始了
[09-26 11:49:30]begining......
[09-26 11:49:30]on tuxreadenv OK
[09-26 11:50:52]jni调用开始了
[09-26 11:50:52]begining......
[09-26 11:50:52]on tuxreadenv OK
[09-26 11:51:13]jni调用开始了
[09-26 11:51:13]begining......
[09-26 11:51:13]on tuxreadenv OK
[09-26 11:52:38]jni调用开始了
[09-26 11:52:38]begining......
[09-26 11:52:38]on tuxreadenv OK
[09-26 11:52:49]jni调用开始了
[09-26 11:52:49]begining......
[09-26 11:52:49]on tuxreadenv OK
[09-26 13:54:29]jni调用开始了
[09-26 13:54:29]begining......
[09-26 13:54:29]on tuxreadenv OK
[09-26 13:54:43]jni调用开始了
[09-26 13:54:43]begining......
[09-26 13:54:43]on tuxreadenv OK
[09-26 13:54:54]jni调用开始了
[09-26 13:54:54]begining......
[09-26 13:54:54]on tuxreadenv OK
[10-15 11:37:45]jni调用开始了
[10-15 11:37:45]begining......
[10-15 11:37:46]on tuxreadenv OK
[10-15 11:38:06]jni调用开始了
[10-15 11:38:06]begining......
[10-15 11:38:06]on tuxreadenv OK
[10-15 11:38:30]jni调用开始了
[10-15 11:38:30]begining......
[10-15 11:38:30]on tuxreadenv OK
[10-24 09:34:29]jni调用开始了
[10-24 09:34:29]begining......
[10-24 09:34:29]on tuxreadenv OK
[10-24 09:41:06]jni调用开始了
[10-24 09:41:06]begining......
[10-24 09:41:06]on tuxreadenv OK
[10-24 09:42:36]jni调用开始了
[10-24 09:42:36]begining......
[10-24 09:42:36]on tuxreadenv OK
[11-12 09:34:35]jni调用开始了
[11-12 09:34:35]begining......
[11-12 09:34:35]on tuxreadenv OK
[11-12 09:35:19]jni调用开始了
[11-12 09:35:19]begining......
[11-12 09:35:19]on tuxreadenv OK
[11-12 09:35:32]jni调用开始了
[11-12 09:35:32]begining......
[11-12 09:35:32]on tuxreadenv OK
[11-12 09:40:41]jni调用开始了
[11-12 09:40:41]begining......
[11-12 09:40:41]on tuxreadenv OK
[11-12 09:41:26]jni调用开始了
[11-12 09:41:26]begining......
[11-12 09:41:26]on tuxreadenv OK
[11-12 09:42:19]jni调用开始了
[11-12 09:42:19]begining......
[11-12 09:42:19]on tuxreadenv OK
